<?xml version="1.0" encoding="UTF-8"?>
<!-- Generated by org.testng.reporters.JUnitReportReporter -->
<testsuite hostname="DESKTOP-0NN2DFH" failures="0" tests="4" name="runner.Runner$TestRunner" time="0.367" errors="0" timestamp="11 Jun 2022 17:34:22 GMT">
  <testcase classname="runner.Runner$TestRunner" name="runScenario" time="0.026"/>
  <testcase classname="runner.Runner$TestRunner" name="runScenario" time="0.278"/>
  <testcase classname="runner.Runner$TestRunner" name="runScenario" time="0.028"/>
  <testcase classname="runner.Runner$TestRunner" name="runScenario" time="0.035"/>
</testsuite> <!-- runner.Runner$TestRunner -->
